This is pdfTeX, Version 3.141592653-2.6-1.40.24 (TeX Live 2022) (preloaded format=pdflatex 2022.10.22)  22 OCT 2022 01:26
entering extended mode
 restricted \write18 enabled.
 %&-line parsing enabled.
**gelfand-trigonometry-solutions.tex
(./gelfand-trigonometry-solutions.tex
LaTeX2e <2022-06-01> patch level 5
L3 programming layer <2022-09-28>
(/home/runner/work/_temp/setup-texlive/2022/texmf-dist/tex/latex/base/article.c
ls
Document Class: article 2021/10/04 v1.4n Standard LaTeX document class

(/home/runner/work/_temp/setup-texlive/2022/texmf-dist/tex/latex/base/size10.cl
o
File: size10.clo 2021/10/04 v1.4n Standard LaTeX file (size option)
)
\c@part=\count185
\c@section=\count186
\c@subsection=\count187
\c@subsubsection=\count188
\c@paragraph=\count189
\c@subparagraph=\count190
\c@figure=\count191
\c@table=\count192
\abovecaptionskip=\skip47
\belowcaptionskip=\skip48
\bibindent=\dimen138
)
(/home/runner/work/_temp/setup-texlive/2022/texmf-dist/tex/latex/amsmath/amsmat
h.sty
Package: amsmath 2022/04/08 v2.17n AMS math features
\@mathmargin=\skip49

For additional information on amsmath, use the `?' option.

(/home/runner/work/_temp/setup-texlive/2022/texmf-dist/tex/latex/amsmath/amstex
t.sty
Package: amstext 2021/08/26 v2.01 AMS text

(/home/runner/work/_temp/setup-texlive/2022/texmf-dist/tex/latex/amsmath/amsgen
.sty
File: amsgen.sty 1999/11/30 v2.0 generic functions
\@emptytoks=\toks16
\ex@=\dimen139
))
(/home/runner/work/_temp/setup-texlive/2022/texmf-dist/tex/latex/amsmath/amsbsy
.sty
Package: amsbsy 1999/11/29 v1.2d Bold Symbols
\pmbraise@=\dimen140
)
(/home/runner/work/_temp/setup-texlive/2022/texmf-dist/tex/latex/amsmath/amsopn
.sty
Package: amsopn 2022/04/08 v2.04 operator names
)
\inf@bad=\count193
LaTeX Info: Redefining \frac on input line 234.
\uproot@=\count194
\leftroot@=\count195
LaTeX Info: Redefining \overline on input line 399.
LaTeX Info: Redefining \colon on input line 410.
\classnum@=\count196
\DOTSCASE@=\count197
LaTeX Info: Redefining \ldots on input line 496.
LaTeX Info: Redefining \dots on input line 499.
LaTeX Info: Redefining \cdots on input line 620.
\Mathstrutbox@=\box51
\strutbox@=\box52
LaTeX Info: Redefining \big on input line 722.
LaTeX Info: Redefining \Big on input line 723.
LaTeX Info: Redefining \bigg on input line 724.
LaTeX Info: Redefining \Bigg on input line 725.
\big@size=\dimen141
LaTeX Font Info:    Redeclaring font encoding OML on input line 743.
LaTeX Font Info:    Redeclaring font encoding OMS on input line 744.
\macc@depth=\count198
LaTeX Info: Redefining \bmod on input line 905.
LaTeX Info: Redefining \pmod on input line 910.
LaTeX Info: Redefining \smash on input line 940.
LaTeX Info: Redefining \relbar on input line 970.
LaTeX Info: Redefining \Relbar on input line 971.
\c@MaxMatrixCols=\count199
\dotsspace@=\muskip16
\c@parentequation=\count266
\dspbrk@lvl=\count267
\tag@help=\toks17
\row@=\count268
\column@=\count269
\maxfields@=\count270
\andhelp@=\toks18
\eqnshift@=\dimen142
\alignsep@=\dimen143
\tagshift@=\dimen144
\tagwidth@=\dimen145
\totwidth@=\dimen146
\lineht@=\dimen147
\@envbody=\toks19
\multlinegap=\skip50
\multlinetaggap=\skip51
\mathdisplay@stack=\toks20
LaTeX Info: Redefining \[ on input line 2953.
LaTeX Info: Redefining \] on input line 2954.
)
(/home/runner/work/_temp/setup-texlive/2022/texmf-dist/tex/latex/cancel/cancel.
sty
Package: cancel 2013/04/12 v2.2 Cancel math terms
)
(/home/runner/work/_temp/setup-texlive/2022/texmf-dist/tex/generic/catchfile/ca
tchfile.sty
Package: catchfile 2019/12/09 v1.8 Catch the contents of a file (HO)

(/home/runner/work/_temp/setup-texlive/2022/texmf-dist/tex/generic/infwarerr/in
fwarerr.sty
Package: infwarerr 2019/12/03 v1.5 Providing info/warning/error messages (HO)
)
(/home/runner/work/_temp/setup-texlive/2022/texmf-dist/tex/generic/ltxcmds/ltxc
mds.sty
Package: ltxcmds 2020-05-10 v1.25 LaTeX kernel commands for general use (HO)
)
(/home/runner/work/_temp/setup-texlive/2022/texmf-dist/tex/generic/etexcmds/ete
xcmds.sty
Package: etexcmds 2019/12/15 v1.7 Avoid name clashes with e-TeX commands (HO)

(/home/runner/work/_temp/setup-texlive/2022/texmf-dist/tex/generic/iftex/iftex.
sty
Package: iftex 2022/02/03 v1.0f TeX engine tests
)))
(/home/runner/work/_temp/setup-texlive/2022/texmf-dist/tex/latex/enumitem/enumi
tem.sty
Package: enumitem 2019/06/20 v3.9 Customized lists
\enitkv@toks@=\toks21
\labelindent=\skip52
\enit@outerparindent=\dimen148
\enit@toks=\toks22
\enit@inbox=\box53
\enit@count@id=\count271
\enitdp@description=\count272
)
(/home/runner/work/_temp/setup-texlive/2022/texmf-dist/tex/latex/gensymb/gensym
b.sty
Package: gensymb 2022/10/17 v1.0.2 (KJH)
)
(/home/runner/work/_temp/setup-texlive/2022/texmf-dist/tex/latex/hyperref/hyper
ref.sty
Package: hyperref 2022-09-22 v7.00t Hypertext links for LaTeX

(/home/runner/work/_temp/setup-texlive/2022/texmf-dist/tex/generic/pdftexcmds/p
dftexcmds.sty
Package: pdftexcmds 2020-06-27 v0.33 Utility functions of pdfTeX for LuaTeX (HO
)
Package pdftexcmds Info: \pdf@primitive is available.
Package pdftexcmds Info: \pdf@ifprimitive is available.
Package pdftexcmds Info: \pdfdraftmode found.
)
(/home/runner/work/_temp/setup-texlive/2022/texmf-dist/tex/latex/graphics/keyva
l.sty
Package: keyval 2022/05/29 v1.15 key=value parser (DPC)
\KV@toks@=\toks23
)
(/home/runner/work/_temp/setup-texlive/2022/texmf-dist/tex/latex/kvsetkeys/kvse
tkeys.sty
Package: kvsetkeys 2022-10-05 v1.19 Key value parser (HO)
)
(/home/runner/work/_temp/setup-texlive/2022/texmf-dist/tex/generic/kvdefinekeys
/kvdefinekeys.sty
Package: kvdefinekeys 2019-12-19 v1.6 Define keys (HO)
)
(/home/runner/work/_temp/setup-texlive/2022/texmf-dist/tex/generic/pdfescape/pd
fescape.sty
Package: pdfescape 2019/12/09 v1.15 Implements pdfTeX's escape features (HO)
)
(/home/runner/work/_temp/setup-texlive/2022/texmf-dist/tex/latex/hycolor/hycolo
r.sty
Package: hycolor 2020-01-27 v1.10 Color options for hyperref/bookmark (HO)
)
(/home/runner/work/_temp/setup-texlive/2022/texmf-dist/tex/latex/letltxmacro/le
tltxmacro.sty
Package: letltxmacro 2019/12/03 v1.6 Let assignment for LaTeX macros (HO)
)
(/home/runner/work/_temp/setup-texlive/2022/texmf-dist/tex/latex/auxhook/auxhoo
k.sty
Package: auxhook 2019-12-17 v1.6 Hooks for auxiliary files (HO)
)
(/home/runner/work/_temp/setup-texlive/2022/texmf-dist/tex/latex/hyperref/namer
ef.sty
Package: nameref 2022-05-17 v2.50 Cross-referencing by name of section

(/home/runner/work/_temp/setup-texlive/2022/texmf-dist/tex/latex/refcount/refco
unt.sty
Package: refcount 2019/12/15 v3.6 Data extraction from label references (HO)
)
(/home/runner/work/_temp/setup-texlive/2022/texmf-dist/tex/generic/gettitlestri
ng/gettitlestring.sty
Package: gettitlestring 2019/12/15 v1.6 Cleanup title references (HO)

(/home/runner/work/_temp/setup-texlive/2022/texmf-dist/tex/latex/kvoptions/kvop
tions.sty
Package: kvoptions 2022-06-15 v3.15 Key value format for package options (HO)
))
\c@section@level=\count273
)
\@linkdim=\dimen149
\Hy@linkcounter=\count274
\Hy@pagecounter=\count275

(/home/runner/work/_temp/setup-texlive/2022/texmf-dist/tex/latex/hyperref/pd1en
c.def
File: pd1enc.def 2022-09-22 v7.00t Hyperref: PDFDocEncoding definition (HO)
Now handling font encoding PD1 ...
... no UTF-8 mapping file for font encoding PD1
)
(/home/runner/work/_temp/setup-texlive/2022/texmf-dist/tex/generic/intcalc/intc
alc.sty
Package: intcalc 2019/12/15 v1.3 Expandable calculations with integers (HO)
)
\Hy@SavedSpaceFactor=\count276

(/home/runner/work/_temp/setup-texlive/2022/texmf-dist/tex/latex/hyperref/puenc
.def
File: puenc.def 2022-09-22 v7.00t Hyperref: PDF Unicode definition (HO)
Now handling font encoding PU ...
... no UTF-8 mapping file for font encoding PU
)
Package hyperref Info: Hyper figures OFF on input line 4162.
Package hyperref Info: Link nesting OFF on input line 4167.
Package hyperref Info: Hyper index ON on input line 4170.
Package hyperref Info: Plain pages OFF on input line 4177.
Package hyperref Info: Backreferencing OFF on input line 4182.
Package hyperref Info: Implicit mode ON; LaTeX internals redefined.
\stockwidth=\dimen150
\stockheight=\dimen151
Package hyperref Info: Bookmarks ON on input line 4410.
\c@Hy@tempcnt=\count277

(/home/runner/work/_temp/setup-texlive/2022/texmf-dist/tex/latex/url/url.sty
\Urlmuskip=\muskip17
Package: url 2013/09/16  ver 3.4  Verb mode for urls, etc.
)
LaTeX Info: Redefining \url on input line 4748.
\XeTeXLinkMargin=\dimen152

(/home/runner/work/_temp/setup-texlive/2022/texmf-dist/tex/generic/bitset/bitse
t.sty
Package: bitset 2019/12/09 v1.3 Handle bit-vector datatype (HO)

(/home/runner/work/_temp/setup-texlive/2022/texmf-dist/tex/generic/bigintcalc/b
igintcalc.sty
Package: bigintcalc 2019/12/15 v1.5 Expandable calculations on big integers (HO
)
))
\Fld@menulength=\count278
\Field@Width=\dimen153
\Fld@charsize=\dimen154
Package hyperref Info: Hyper figures OFF on input line 6027.
Package hyperref Info: Link nesting OFF on input line 6032.
Package hyperref Info: Hyper index ON on input line 6035.
Package hyperref Info: backreferencing OFF on input line 6042.
Package hyperref Info: Link coloring OFF on input line 6047.
Package hyperref Info: Link coloring with OCG OFF on input line 6052.
Package hyperref Info: PDF/A mode OFF on input line 6057.

(/home/runner/work/_temp/setup-texlive/2022/texmf-dist/tex/latex/base/atbegshi-
ltx.sty
Package: atbegshi-ltx 2021/01/10 v1.0c Emulation of the original atbegshi
package with kernel methods
)
\Hy@abspage=\count279
\c@Item=\count280
\c@Hfootnote=\count281
)
Package hyperref Info: Driver (autodetected): hpdftex.

(/home/runner/work/_temp/setup-texlive/2022/texmf-dist/tex/latex/hyperref/hpdft
ex.def
File: hpdftex.def 2022-09-22 v7.00t Hyperref driver for pdfTeX

(/home/runner/work/_temp/setup-texlive/2022/texmf-dist/tex/latex/base/atveryend
-ltx.sty
Package: atveryend-ltx 2020/08/19 v1.0a Emulation of the original atveryend pac
kage
with kernel methods
)
\Fld@listcount=\count282
\c@bookmark@seq@number=\count283

(/home/runner/work/_temp/setup-texlive/2022/texmf-dist/tex/latex/rerunfilecheck
/rerunfilecheck.sty
Package: rerunfilecheck 2022-07-10 v1.10 Rerun checks for auxiliary files (HO)

(/home/runner/work/_temp/setup-texlive/2022/texmf-dist/tex/generic/uniquecounte
r/uniquecounter.sty
Package: uniquecounter 2019/12/15 v1.4 Provide unlimited unique counter (HO)
)
Package uniquecounter Info: New unique counter `rerunfilecheck' on input line 2
85.
)
\Hy@SectionHShift=\skip53
)
(/home/runner/work/_temp/setup-texlive/2022/texmf-dist/tex/latex/makecell/makec
ell.sty
Package: makecell 2009/08/03 V0.1e Managing of Tab Column Heads and Cells

(/home/runner/work/_temp/setup-texlive/2022/texmf-dist/tex/latex/tools/array.st
y
Package: array 2022/03/10 v2.5f Tabular extension package (FMi)
\col@sep=\dimen155
\ar@mcellbox=\box54
\extrarowheight=\dimen156
\NC@list=\toks24
\extratabsurround=\skip54
\backup@length=\skip55
\ar@cellbox=\box55
)
\rotheadsize=\dimen157
\c@nlinenum=\count284
\TeXr@lab=\toks25
)
(/home/runner/work/_temp/setup-texlive/2022/texmf-dist/tex/latex/tools/tabularx
.sty
Package: tabularx 2020/01/15 v2.11c `tabularx' package (DPC)
\TX@col@width=\dimen158
\TX@old@table=\dimen159
\TX@old@col=\dimen160
\TX@target=\dimen161
\TX@delta=\dimen162
\TX@cols=\count285
\TX@ftn=\toks26
)
(/home/runner/work/_temp/setup-texlive/2022/texmf-dist/tex/latex/pgf/frontendla
yer/tikz.sty
(/home/runner/work/_temp/setup-texlive/2022/texmf-dist/tex/latex/pgf/basiclayer
/pgf.sty
(/home/runner/work/_temp/setup-texlive/2022/texmf-dist/tex/latex/pgf/utilities/
pgfrcs.sty
(/home/runner/work/_temp/setup-texlive/2022/texmf-dist/tex/generic/pgf/utilitie
s/pgfutil-common.tex
\pgfutil@everybye=\toks27
\pgfutil@tempdima=\dimen163
\pgfutil@tempdimb=\dimen164

(/home/runner/work/_temp/setup-texlive/2022/texmf-dist/tex/generic/pgf/utilitie
s/pgfutil-common-lists.tex))
(/home/runner/work/_temp/setup-texlive/2022/texmf-dist/tex/generic/pgf/utilitie
s/pgfutil-latex.def
\pgfutil@abb=\box56
)
(/home/runner/work/_temp/setup-texlive/2022/texmf-dist/tex/generic/pgf/utilitie
s/pgfrcs.code.tex
(/home/runner/work/_temp/setup-texlive/2022/texmf-dist/tex/generic/pgf/pgf.revi
sion.tex)
Package: pgfrcs 2021/05/15 v3.1.9a (3.1.9a)
))
Package: pgf 2021/05/15 v3.1.9a (3.1.9a)

(/home/runner/work/_temp/setup-texlive/2022/texmf-dist/tex/latex/pgf/basiclayer
/pgfcore.sty
(/home/runner/work/_temp/setup-texlive/2022/texmf-dist/tex/latex/graphics/graph
icx.sty
Package: graphicx 2021/09/16 v1.2d Enhanced LaTeX Graphics (DPC,SPQR)

(/home/runner/work/_temp/setup-texlive/2022/texmf-dist/tex/latex/graphics/graph
ics.sty
Package: graphics 2022/03/10 v1.4e Standard LaTeX Graphics (DPC,SPQR)

(/home/runner/work/_temp/setup-texlive/2022/texmf-dist/tex/latex/graphics/trig.
sty
Package: trig 2021/08/11 v1.11 sin cos tan (DPC)
)
(/home/runner/work/_temp/setup-texlive/2022/texmf-dist/tex/latex/graphics-cfg/g
raphics.cfg
File: graphics.cfg 2016/06/04 v1.11 sample graphics configuration
)
Package graphics Info: Driver file: pdftex.def on input line 107.

(/home/runner/work/_temp/setup-texlive/2022/texmf-dist/tex/latex/graphics-def/p
dftex.def
File: pdftex.def 2022/09/22 v1.2b Graphics/color driver for pdftex
))
\Gin@req@height=\dimen165
\Gin@req@width=\dimen166
)
(/home/runner/work/_temp/setup-texlive/2022/texmf-dist/tex/latex/pgf/systemlaye
r/pgfsys.sty
(/home/runner/work/_temp/setup-texlive/2022/texmf-dist/tex/generic/pgf/systemla
yer/pgfsys.code.tex
Package: pgfsys 2021/05/15 v3.1.9a (3.1.9a)

(/home/runner/work/_temp/setup-texlive/2022/texmf-dist/tex/generic/pgf/utilitie
s/pgfkeys.code.tex
\pgfkeys@pathtoks=\toks28
\pgfkeys@temptoks=\toks29

(/home/runner/work/_temp/setup-texlive/2022/texmf-dist/tex/generic/pgf/utilitie
s/pgfkeysfiltered.code.tex
\pgfkeys@tmptoks=\toks30
))
\pgf@x=\dimen167
\pgf@y=\dimen168
\pgf@xa=\dimen169
\pgf@ya=\dimen170
\pgf@xb=\dimen171
\pgf@yb=\dimen172
\pgf@xc=\dimen173
\pgf@yc=\dimen174
\pgf@xd=\dimen175
\pgf@yd=\dimen176
\w@pgf@writea=\write3
\r@pgf@reada=\read2
\c@pgf@counta=\count286
\c@pgf@countb=\count287
\c@pgf@countc=\count288
\c@pgf@countd=\count289
\t@pgf@toka=\toks31
\t@pgf@tokb=\toks32
\t@pgf@tokc=\toks33
\pgf@sys@id@count=\count290

(/home/runner/work/_temp/setup-texlive/2022/texmf-dist/tex/generic/pgf/systemla
yer/pgf.cfg
File: pgf.cfg 2021/05/15 v3.1.9a (3.1.9a)
)
Driver file for pgf: pgfsys-pdftex.def

(/home/runner/work/_temp/setup-texlive/2022/texmf-dist/tex/generic/pgf/systemla
yer/pgfsys-pdftex.def
File: pgfsys-pdftex.def 2021/05/15 v3.1.9a (3.1.9a)

(/home/runner/work/_temp/setup-texlive/2022/texmf-dist/tex/generic/pgf/systemla
yer/pgfsys-common-pdf.def
File: pgfsys-common-pdf.def 2021/05/15 v3.1.9a (3.1.9a)
)))
(/home/runner/work/_temp/setup-texlive/2022/texmf-dist/tex/generic/pgf/systemla
yer/pgfsyssoftpath.code.tex
File: pgfsyssoftpath.code.tex 2021/05/15 v3.1.9a (3.1.9a)
\pgfsyssoftpath@smallbuffer@items=\count291
\pgfsyssoftpath@bigbuffer@items=\count292
)
(/home/runner/work/_temp/setup-texlive/2022/texmf-dist/tex/generic/pgf/systemla
yer/pgfsysprotocol.code.tex
File: pgfsysprotocol.code.tex 2021/05/15 v3.1.9a (3.1.9a)
))
(/home/runner/work/_temp/setup-texlive/2022/texmf-dist/tex/latex/xcolor/xcolor.
sty
Package: xcolor 2022/06/12 v2.14 LaTeX color extensions (UK)

(/home/runner/work/_temp/setup-texlive/2022/texmf-dist/tex/latex/graphics-cfg/c
olor.cfg
File: color.cfg 2016/01/02 v1.6 sample color configuration
)
Package xcolor Info: Driver file: pdftex.def on input line 227.

(/home/runner/work/_temp/setup-texlive/2022/texmf-dist/tex/latex/graphics/mathc
olor.ltx)
Package xcolor Info: Model `cmy' substituted by `cmy0' on input line 1353.
Package xcolor Info: Model `hsb' substituted by `rgb' on input line 1357.
Package xcolor Info: Model `RGB' extended on input line 1369.
Package xcolor Info: Model `HTML' substituted by `rgb' on input line 1371.
Package xcolor Info: Model `Hsb' substituted by `hsb' on input line 1372.
Package xcolor Info: Model `tHsb' substituted by `hsb' on input line 1373.
Package xcolor Info: Model `HSB' substituted by `hsb' on input line 1374.
Package xcolor Info: Model `Gray' substituted by `gray' on input line 1375.
Package xcolor Info: Model `wave' substituted by `hsb' on input line 1376.
)
(/home/runner/work/_temp/setup-texlive/2022/texmf-dist/tex/generic/pgf/basiclay
er/pgfcore.code.tex
Package: pgfcore 2021/05/15 v3.1.9a (3.1.9a)

(/home/runner/work/_temp/setup-texlive/2022/texmf-dist/tex/generic/pgf/math/pgf
math.code.tex
(/home/runner/work/_temp/setup-texlive/2022/texmf-dist/tex/generic/pgf/math/pgf
mathcalc.code.tex
(/home/runner/work/_temp/setup-texlive/2022/texmf-dist/tex/generic/pgf/math/pgf
mathutil.code.tex)
(/home/runner/work/_temp/setup-texlive/2022/texmf-dist/tex/generic/pgf/math/pgf
mathparser.code.tex
\pgfmath@dimen=\dimen177
\pgfmath@count=\count293
\pgfmath@box=\box57
\pgfmath@toks=\toks34
\pgfmath@stack@operand=\toks35
\pgfmath@stack@operation=\toks36
)
(/home/runner/work/_temp/setup-texlive/2022/texmf-dist/tex/generic/pgf/math/pgf
mathfunctions.code.tex
(/home/runner/work/_temp/setup-texlive/2022/texmf-dist/tex/generic/pgf/math/pgf
mathfunctions.basic.code.tex)
(/home/runner/work/_temp/setup-texlive/2022/texmf-dist/tex/generic/pgf/math/pgf
mathfunctions.trigonometric.code.tex)
(/home/runner/work/_temp/setup-texlive/2022/texmf-dist/tex/generic/pgf/math/pgf
mathfunctions.random.code.tex)
(/home/runner/work/_temp/setup-texlive/2022/texmf-dist/tex/generic/pgf/math/pgf
mathfunctions.comparison.code.tex)
(/home/runner/work/_temp/setup-texlive/2022/texmf-dist/tex/generic/pgf/math/pgf
mathfunctions.base.code.tex)
(/home/runner/work/_temp/setup-texlive/2022/texmf-dist/tex/generic/pgf/math/pgf
mathfunctions.round.code.tex)
(/home/runner/work/_temp/setup-texlive/2022/texmf-dist/tex/generic/pgf/math/pgf
mathfunctions.misc.code.tex)
(/home/runner/work/_temp/setup-texlive/2022/texmf-dist/tex/generic/pgf/math/pgf
mathfunctions.integerarithmetics.code.tex)))
(/home/runner/work/_temp/setup-texlive/2022/texmf-dist/tex/generic/pgf/math/pgf
mathfloat.code.tex
\c@pgfmathroundto@lastzeros=\count294
))
(/home/runner/work/_temp/setup-texlive/2022/texmf-dist/tex/generic/pgf/math/pgf
int.code.tex)
(/home/runner/work/_temp/setup-texlive/2022/texmf-dist/tex/generic/pgf/basiclay
er/pgfcorepoints.code.tex
File: pgfcorepoints.code.tex 2021/05/15 v3.1.9a (3.1.9a)
\pgf@picminx=\dimen178
\pgf@picmaxx=\dimen179
\pgf@picminy=\dimen180
\pgf@picmaxy=\dimen181
\pgf@pathminx=\dimen182
\pgf@pathmaxx=\dimen183
\pgf@pathminy=\dimen184
\pgf@pathmaxy=\dimen185
\pgf@xx=\dimen186
\pgf@xy=\dimen187
\pgf@yx=\dimen188
\pgf@yy=\dimen189
\pgf@zx=\dimen190
\pgf@zy=\dimen191
)
(/home/runner/work/_temp/setup-texlive/2022/texmf-dist/tex/generic/pgf/basiclay
er/pgfcorepathconstruct.code.tex
File: pgfcorepathconstruct.code.tex 2021/05/15 v3.1.9a (3.1.9a)
\pgf@path@lastx=\dimen192
\pgf@path@lasty=\dimen193
)
(/home/runner/work/_temp/setup-texlive/2022/texmf-dist/tex/generic/pgf/basiclay
er/pgfcorepathusage.code.tex
File: pgfcorepathusage.code.tex 2021/05/15 v3.1.9a (3.1.9a)
\pgf@shorten@end@additional=\dimen194
\pgf@shorten@start@additional=\dimen195
)
(/home/runner/work/_temp/setup-texlive/2022/texmf-dist/tex/generic/pgf/basiclay
er/pgfcorescopes.code.tex
File: pgfcorescopes.code.tex 2021/05/15 v3.1.9a (3.1.9a)
\pgfpic=\box58
\pgf@hbox=\box59
\pgf@layerbox@main=\box60
\pgf@picture@serial@count=\count295
)
(/home/runner/work/_temp/setup-texlive/2022/texmf-dist/tex/generic/pgf/basiclay
er/pgfcoregraphicstate.code.tex
File: pgfcoregraphicstate.code.tex 2021/05/15 v3.1.9a (3.1.9a)
\pgflinewidth=\dimen196
)
(/home/runner/work/_temp/setup-texlive/2022/texmf-dist/tex/generic/pgf/basiclay
er/pgfcoretransformations.code.tex
File: pgfcoretransformations.code.tex 2021/05/15 v3.1.9a (3.1.9a)
\pgf@pt@x=\dimen197
\pgf@pt@y=\dimen198
\pgf@pt@temp=\dimen199
)
(/home/runner/work/_temp/setup-texlive/2022/texmf-dist/tex/generic/pgf/basiclay
er/pgfcorequick.code.tex
File: pgfcorequick.code.tex 2021/05/15 v3.1.9a (3.1.9a)
)
(/home/runner/work/_temp/setup-texlive/2022/texmf-dist/tex/generic/pgf/basiclay
er/pgfcoreobjects.code.tex
File: pgfcoreobjects.code.tex 2021/05/15 v3.1.9a (3.1.9a)
)
(/home/runner/work/_temp/setup-texlive/2022/texmf-dist/tex/generic/pgf/basiclay
er/pgfcorepathprocessing.code.tex
File: pgfcorepathprocessing.code.tex 2021/05/15 v3.1.9a (3.1.9a)
)
(/home/runner/work/_temp/setup-texlive/2022/texmf-dist/tex/generic/pgf/basiclay
er/pgfcorearrows.code.tex
File: pgfcorearrows.code.tex 2021/05/15 v3.1.9a (3.1.9a)
\pgfarrowsep=\dimen256
)
(/home/runner/work/_temp/setup-texlive/2022/texmf-dist/tex/generic/pgf/basiclay
er/pgfcoreshade.code.tex
File: pgfcoreshade.code.tex 2021/05/15 v3.1.9a (3.1.9a)
\pgf@max=\dimen257
\pgf@sys@shading@range@num=\count296
\pgf@shadingcount=\count297
)
(/home/runner/work/_temp/setup-texlive/2022/texmf-dist/tex/generic/pgf/basiclay
er/pgfcoreimage.code.tex
File: pgfcoreimage.code.tex 2021/05/15 v3.1.9a (3.1.9a)

(/home/runner/work/_temp/setup-texlive/2022/texmf-dist/tex/generic/pgf/basiclay
er/pgfcoreexternal.code.tex
File: pgfcoreexternal.code.tex 2021/05/15 v3.1.9a (3.1.9a)
\pgfexternal@startupbox=\box61
))
(/home/runner/work/_temp/setup-texlive/2022/texmf-dist/tex/generic/pgf/basiclay
er/pgfcorelayers.code.tex
File: pgfcorelayers.code.tex 2021/05/15 v3.1.9a (3.1.9a)
)
(/home/runner/work/_temp/setup-texlive/2022/texmf-dist/tex/generic/pgf/basiclay
er/pgfcoretransparency.code.tex
File: pgfcoretransparency.code.tex 2021/05/15 v3.1.9a (3.1.9a)
)
(/home/runner/work/_temp/setup-texlive/2022/texmf-dist/tex/generic/pgf/basiclay
er/pgfcorepatterns.code.tex
File: pgfcorepatterns.code.tex 2021/05/15 v3.1.9a (3.1.9a)
)
(/home/runner/work/_temp/setup-texlive/2022/texmf-dist/tex/generic/pgf/basiclay
er/pgfcorerdf.code.tex
File: pgfcorerdf.code.tex 2021/05/15 v3.1.9a (3.1.9a)
)))
(/home/runner/work/_temp/setup-texlive/2022/texmf-dist/tex/generic/pgf/modules/
pgfmoduleshapes.code.tex
File: pgfmoduleshapes.code.tex 2021/05/15 v3.1.9a (3.1.9a)
\pgfnodeparttextbox=\box62
)
(/home/runner/work/_temp/setup-texlive/2022/texmf-dist/tex/generic/pgf/modules/
pgfmoduleplot.code.tex
File: pgfmoduleplot.code.tex 2021/05/15 v3.1.9a (3.1.9a)
)
(/home/runner/work/_temp/setup-texlive/2022/texmf-dist/tex/latex/pgf/compatibil
ity/pgfcomp-version-0-65.sty
Package: pgfcomp-version-0-65 2021/05/15 v3.1.9a (3.1.9a)
\pgf@nodesepstart=\dimen258
\pgf@nodesepend=\dimen259
)
(/home/runner/work/_temp/setup-texlive/2022/texmf-dist/tex/latex/pgf/compatibil
ity/pgfcomp-version-1-18.sty
Package: pgfcomp-version-1-18 2021/05/15 v3.1.9a (3.1.9a)
))
(/home/runner/work/_temp/setup-texlive/2022/texmf-dist/tex/latex/pgf/utilities/
pgffor.sty
(/home/runner/work/_temp/setup-texlive/2022/texmf-dist/tex/latex/pgf/utilities/
pgfkeys.sty
(/home/runner/work/_temp/setup-texlive/2022/texmf-dist/tex/generic/pgf/utilitie
s/pgfkeys.code.tex))
(/home/runner/work/_temp/setup-texlive/2022/texmf-dist/tex/latex/pgf/math/pgfma
th.sty
(/home/runner/work/_temp/setup-texlive/2022/texmf-dist/tex/generic/pgf/math/pgf
math.code.tex))
(/home/runner/work/_temp/setup-texlive/2022/texmf-dist/tex/generic/pgf/utilitie
s/pgffor.code.tex
Package: pgffor 2021/05/15 v3.1.9a (3.1.9a)

(/home/runner/work/_temp/setup-texlive/2022/texmf-dist/tex/generic/pgf/math/pgf
math.code.tex)
\pgffor@iter=\dimen260
\pgffor@skip=\dimen261
\pgffor@stack=\toks37
\pgffor@toks=\toks38
))
(/home/runner/work/_temp/setup-texlive/2022/texmf-dist/tex/generic/pgf/frontend
layer/tikz/tikz.code.tex
Package: tikz 2021/05/15 v3.1.9a (3.1.9a)

(/home/runner/work/_temp/setup-texlive/2022/texmf-dist/tex/generic/pgf/librarie
s/pgflibraryplothandlers.code.tex
File: pgflibraryplothandlers.code.tex 2021/05/15 v3.1.9a (3.1.9a)
\pgf@plot@mark@count=\count298
\pgfplotmarksize=\dimen262
)
\tikz@lastx=\dimen263
\tikz@lasty=\dimen264
\tikz@lastxsaved=\dimen265
\tikz@lastysaved=\dimen266
\tikz@lastmovetox=\dimen267
\tikz@lastmovetoy=\dimen268
\tikzleveldistance=\dimen269
\tikzsiblingdistance=\dimen270
\tikz@figbox=\box63
\tikz@figbox@bg=\box64
\tikz@tempbox=\box65
\tikz@tempbox@bg=\box66
\tikztreelevel=\count299
\tikznumberofchildren=\count300
\tikznumberofcurrentchild=\count301
\tikz@fig@count=\count302

(/home/runner/work/_temp/setup-texlive/2022/texmf-dist/tex/generic/pgf/modules/
pgfmodulematrix.code.tex
File: pgfmodulematrix.code.tex 2021/05/15 v3.1.9a (3.1.9a)
\pgfmatrixcurrentrow=\count303
\pgfmatrixcurrentcolumn=\count304
\pgf@matrix@numberofcolumns=\count305
)
\tikz@expandcount=\count306

(/home/runner/work/_temp/setup-texlive/2022/texmf-dist/tex/generic/pgf/frontend
layer/tikz/libraries/tikzlibrarytopaths.code.tex
File: tikzlibrarytopaths.code.tex 2021/05/15 v3.1.9a (3.1.9a)
)))
(/home/runner/work/_temp/setup-texlive/2022/texmf-dist/tex/latex/tools/verbatim
.sty
Package: verbatim 2020-07-07 v1.5u LaTeX2e package for verbatim enhancements
\every@verbatim=\toks39
\verbatim@line=\toks40
\verbatim@in@stream=\read3
)
(/home/runner/work/_temp/setup-texlive/2022/texmf-dist/tex/generic/xstring/xstr
ing.sty
(/home/runner/work/_temp/setup-texlive/2022/texmf-dist/tex/generic/xstring/xstr
ing.tex
\integerpart=\count307
\decimalpart=\count308
)
Package: xstring 2021/07/21 v1.84 String manipulations (CT)
) (./ccicons.sty
Package: ccicons 2017/10/30 v1.6 LaTeX support for Creative Commons icons

(/home/runner/work/_temp/setup-texlive/2022/texmf-dist/tex/latex/xkeyval/xkeyva
l.sty
Package: xkeyval 2022/06/16 v2.9 package option processing (HA)

(/home/runner/work/_temp/setup-texlive/2022/texmf-dist/tex/generic/xkeyval/xkey
val.tex
(/home/runner/work/_temp/setup-texlive/2022/texmf-dist/tex/generic/xkeyval/xkvu
tils.tex
\XKV@toks=\toks41
\XKV@tempa@toks=\toks42
)
\XKV@depth=\count309
File: xkeyval.tex 2014/12/03 v2.7a key=value parser (HA)
))) (./doclicense.sty
Package: doclicense 2020/04/12 v1.10.1 Support for putting documents under a li
cense

(/home/runner/work/_temp/setup-texlive/2022/texmf-dist/tex/latex/xifthen/xifthe
n.sty
Package: xifthen 2015/11/05 v1.4.0 Extended ifthen features

(/home/runner/work/_temp/setup-texlive/2022/texmf-dist/tex/latex/tools/calc.sty
Package: calc 2017/05/25 v4.3 Infix arithmetic (KKT,FJ)
\calc@Acount=\count310
\calc@Bcount=\count311
\calc@Adimen=\dimen271
\calc@Bdimen=\dimen272
\calc@Askip=\skip56
\calc@Bskip=\skip57
LaTeX Info: Redefining \setlength on input line 80.
LaTeX Info: Redefining \addtolength on input line 81.
\calc@Ccount=\count312
\calc@Cskip=\skip58
)
(/home/runner/work/_temp/setup-texlive/2022/texmf-dist/tex/latex/base/ifthen.st
y
Package: ifthen 2022/04/13 v1.1d Standard LaTeX ifthen package (DPC)
)
(/home/runner/work/_temp/setup-texlive/2022/texmf-dist/tex/latex/ifmtarg/ifmtar
g.sty
Package: ifmtarg 2018/04/16 v1.2b check for an empty argument
))
(/home/runner/work/_temp/setup-texlive/2022/texmf-dist/tex/latex/etoolbox/etool
box.sty
Package: etoolbox 2020/10/05 v2.5k e-TeX tools for LaTeX (JAW)
\etb@tempcnta=\count313
)
(/home/runner/work/_temp/setup-texlive/2022/texmf-dist/tex/latex/tools/xspace.s
ty
Package: xspace 2014/10/28 v1.13 Space after command names (DPC,MH)
)
\doclicense@hsize=\skip59
 (./doclicense-english.ldf
File: doclicense-english.ldf 
))
Package hyperref Info: Option `colorlinks' set `true' on input line 28.
 (./.git/HEAD) (./.git/refs/heads/master)
(/home/runner/work/_temp/setup-texlive/2022/texmf-dist/tex/latex/csquotes/csquo
tes.sty
Package: csquotes 2022-09-14 v5.2n context-sensitive quotations (JAW)
\csq@reset=\count314
\csq@gtype=\count315
\csq@glevel=\count316
\csq@qlevel=\count317
\csq@maxlvl=\count318
\csq@tshold=\count319
\csq@ltx@everypar=\toks43

(/home/runner/work/_temp/setup-texlive/2022/texmf-dist/tex/latex/csquotes/csquo
tes.def
File: csquotes.def 2022-09-14 v5.2n csquotes generic definitions (JAW)
)
Package csquotes Info: Trying to load configuration file 'csquotes.cfg'...
Package csquotes Info: ... configuration file loaded successfully.

(/home/runner/work/_temp/setup-texlive/2022/texmf-dist/tex/latex/csquotes/csquo
tes.cfg
File: csquotes.cfg 
))
(/home/runner/work/_temp/setup-texlive/2022/texmf-dist/tex/latex/l3backend/l3ba
ckend-pdftex.def
File: l3backend-pdftex.def 2022-09-28 L3 backend support: PDF output (pdfTeX)
\l__color_backend_stack_int=\count320
\l__pdf_internal_box=\box67
)
No file gelfand-trigonometry-solutions.aux.
\openout1 = `gelfand-trigonometry-solutions.aux'.

LaTeX Font Info:    Checking defaults for OML/cmm/m/it on input line 65.
LaTeX Font Info:    ... okay on input line 65.
LaTeX Font Info:    Checking defaults for OMS/cmsy/m/n on input line 65.
LaTeX Font Info:    ... okay on input line 65.
LaTeX Font Info:    Checking defaults for OT1/cmr/m/n on input line 65.
LaTeX Font Info:    ... okay on input line 65.
LaTeX Font Info:    Checking defaults for T1/cmr/m/n on input line 65.
LaTeX Font Info:    ... okay on input line 65.
LaTeX Font Info:    Checking defaults for TS1/cmr/m/n on input line 65.
LaTeX Font Info:    ... okay on input line 65.
LaTeX Font Info:    Checking defaults for OMX/cmex/m/n on input line 65.
LaTeX Font Info:    ... okay on input line 65.
LaTeX Font Info:    Checking defaults for U/cmr/m/n on input line 65.
LaTeX Font Info:    ... okay on input line 65.
LaTeX Font Info:    Checking defaults for PD1/pdf/m/n on input line 65.
LaTeX Font Info:    ... okay on input line 65.
LaTeX Font Info:    Checking defaults for PU/pdf/m/n on input line 65.
LaTeX Font Info:    ... okay on input line 65.
LaTeX Info: Redefining \celsius on input line 65.
Package gensymb Info: Faking symbols for \degree and \celsius on input line 65.


Package gensymb Warning: Not defining \perthousand.

LaTeX Info: Redefining \ohm on input line 65.
Package gensymb Info: Using \Omega for \ohm on input line 65.

Package gensymb Warning: Not defining \micro.

Package hyperref Info: Link coloring ON on input line 65.
\@outlinefile=\write4
\openout4 = `gelfand-trigonometry-solutions.out'.


(/home/runner/work/_temp/setup-texlive/2022/texmf-dist/tex/context/base/mkii/su
pp-pdf.mkii
[Loading MPS to PDF converter (version 2006.09.02).]
\scratchcounter=\count321
\scratchdimen=\dimen273
\scratchbox=\box68
\nofMPsegments=\count322
\nofMParguments=\count323
\everyMPshowfont=\toks44
\MPscratchCnt=\count324
\MPscratchDim=\dimen274
\MPnumerator=\count325
\makeMPintoPDFobject=\count326
\everyMPtoPDFconversion=\toks45
)
(/home/runner/work/_temp/setup-texlive/2022/texmf-dist/tex/latex/epstopdf-pkg/e
pstopdf-base.sty
Package: epstopdf-base 2020-01-24 v2.11 Base part for package epstopdf
Package epstopdf-base Info: Redefining graphics rule for `.eps' on input line 4
85.

(/home/runner/work/_temp/setup-texlive/2022/texmf-dist/tex/latex/latexconfig/ep
stopdf-sys.cfg
File: epstopdf-sys.cfg 2010/07/13 v1.3 Configuration of (r)epstopdf for TeX Liv
e
))
<doclicense-CC-by-sa.pdf, id=9, 121.45375pt x 43.16125pt>
File: doclicense-CC-by-sa.pdf Graphic file (type pdf)
<use doclicense-CC-by-sa.pdf>
Package pdftex.def Info: doclicense-CC-by-sa.pdf  used on input line 67.
(pdftex.def)             Requested size: 100.00015pt x 35.53667pt.
 [1

{/home/runner/work/_temp/setup-texlive/2022/texmf-var/fonts/map/pdftex/updmap/p
dftex.map} <./doclicense-CC-by-sa.pdf>] [2] [3] [4] [5]
[6]
Underfull \hbox (badness 10000) in paragraph at lines 371--372

 []

[7] [8] [9] [10] [11] [12] [13] [14]
Overfull \hbox (63.89229pt too wide) in paragraph at lines 779--793
 [] 
 []

[15] [16] [17] [18] [19] [20] [21] [22]
Overfull \hbox (6.35472pt too wide) detected at line 1151
[]
 []

[23] [24] [25] [26] (deploy/gelfand-trigonometry-solutions.aux)

Package rerunfilecheck Warning: File `gelfand-trigonometry-solutions.out' has c
hanged.
(rerunfilecheck)                Rerun to get outlines right
(rerunfilecheck)                or use package `bookmark'.

Package rerunfilecheck Info: Checksums for `gelfand-trigonometry-solutions.out'
:
(rerunfilecheck)             Before: <no file>
(rerunfilecheck)             After:  D41D8CD98F00B204E9800998ECF8427E;0.
 ) 
Here is how much of TeX's memory you used:
 22258 strings out of 475071
 418720 string characters out of 5769434
 757052 words of memory out of 5000000
 42964 multiletter control sequences out of 15000+600000
 475364 words of font info for 50 fonts, out of 8000000 for 9000
 1141 hyphenation exceptions out of 8191
 100i,15n,104p,524b,800s stack positions out of 10000i,1000n,20000p,200000b,200000s
</home/runner/work/_temp/setup-texlive/2022/texmf-dist/fonts/type1/public/ams
fonts/cm/cmbx12.pfb></home/runner/work/_temp/setup-texlive/2022/texmf-dist/font
s/type1/public/amsfonts/cm/cmex10.pfb></home/runner/work/_temp/setup-texlive/20
22/texmf-dist/fonts/type1/public/amsfonts/cm/cmmi10.pfb></home/runner/work/_tem
p/setup-texlive/2022/texmf-dist/fonts/type1/public/amsfonts/cm/cmmi5.pfb></home
/runner/work/_temp/setup-texlive/2022/texmf-dist/fonts/type1/public/amsfonts/cm
/cmmi7.pfb></home/runner/work/_temp/setup-texlive/2022/texmf-dist/fonts/type1/p
ublic/amsfonts/cm/cmr10.pfb></home/runner/work/_temp/setup-texlive/2022/texmf-d
ist/fonts/type1/public/amsfonts/cm/cmr12.pfb></home/runner/work/_temp/setup-tex
live/2022/texmf-dist/fonts/type1/public/amsfonts/cm/cmr17.pfb></home/runner/wor
k/_temp/setup-texlive/2022/texmf-dist/fonts/type1/public/amsfonts/cm/cmr5.pfb><
/home/runner/work/_temp/setup-texlive/2022/texmf-dist/fonts/type1/public/amsfon
ts/cm/cmr6.pfb></home/runner/work/_temp/setup-texlive/2022/texmf-dist/fonts/typ
e1/public/amsfonts/cm/cmr7.pfb></home/runner/work/_temp/setup-texlive/2022/texm
f-dist/fonts/type1/public/amsfonts/cm/cmr8.pfb></home/runner/work/_temp/setup-t
exlive/2022/texmf-dist/fonts/type1/public/amsfonts/cm/cmsy10.pfb></home/runner/
work/_temp/setup-texlive/2022/texmf-dist/fonts/type1/public/amsfonts/cm/cmsy7.p
fb></home/runner/work/_temp/setup-texlive/2022/texmf-dist/fonts/type1/public/am
sfonts/cm/cmti10.pfb></home/runner/work/_temp/setup-texlive/2022/texmf-dist/fon
ts/type1/public/amsfonts/cm/cmti12.pfb></home/runner/work/_temp/setup-texlive/2
022/texmf-dist/fonts/type1/public/amsfonts/cm/cmtt10.pfb></home/runner/work/_te
mp/setup-texlive/2022/texmf-dist/fonts/type1/public/amsfonts/cm/cmtt12.pfb></ho
me/runner/work/_temp/setup-texlive/2022/texmf-dist/fonts/type1/public/amsfonts/
latxfont/line10.pfb>
Output written on deploy/gelfand-trigonometry-solutions.pdf (26 pages, 276424 b
ytes).
PDF statistics:
 570 PDF objects out of 1000 (max. 8388607)
 498 compressed objects within 5 object streams
 304 named destinations out of 1000 (max. 500000)
 18 words of extra memory for PDF output out of 10000 (max. 10000000)

